#
# There is insufficient memory for the Java Runtime Environment to continue.
# Native memory allocation (malloc) failed to allocate 1048576 bytes for AllocateHeap
# Possible reasons:
#   The system is out of physical RAM or swap space
#   In 32 bit mode, the process size limit was hit
# Possible solutions:
#   Reduce memory load on the system
#   Increase physical memory or swap space
#   Check if swap backing store is full
#   Use 64 bit Java on a 64 bit OS
#   Decrease Java heap size (-Xmx/-Xms)
#   Decrease number of Java threads
#   Decrease Java thread stack sizes (-Xss)
#   Set larger code cache with -XX:ReservedCodeCacheSize=
# This output file may be truncated or incomplete.
#
#  Out of Memory Error (memory/allocation.inline.hpp:61), pid=22260, tid=0x0000000000005cb8
#
# JRE version:  (8.0) (build )
# Java VM: OpenJDK 64-Bit Server VM (25.71-b00 mixed mode windows-amd64 compressed oops)
# Failed to write core dump. Minidumps are not enabled by default on client versions of Windows
#

---------------  T H R E A D  ---------------

Current thread (0x0000000002bd3800):  JavaThread "Unknown thread" [_thread_in_vm, id=23736, stack(0x0000000002ad0000,0x0000000002bd0000)]

Stack: [0x0000000002ad0000,0x0000000002bd0000]
[error occurred during error reporting (printing stack bounds), id 0xc0000005]

Native frames: (J=compiled Java code, j=interpreted, Vv=VM code, C=native code)


---------------  P R O C E S S  ---------------

Java Threads: ( => current thread )

Other Threads:

=>0x0000000002bd3800 (exited) JavaThread "Unknown thread" [_thread_in_vm, id=23736, stack(0x0000000002ad0000,0x0000000002bd0000)]

VM state:not at safepoint (normal execution)

VM Mutex/Monitor currently owned by a thread: None

Heap:
 PSYoungGen      total 38400K, used 665K [0x00000000d5c00000, 0x00000000d8680000, 0x0000000100000000)
  eden space 33280K, 2% used [0x00000000d5c00000,0x00000000d5ca6670,0x00000000d7c80000)
  from space 5120K, 0% used [0x00000000d8180000,0x00000000d8180000,0x00000000d8680000)
  to   space 5120K, 0% used [0x00000000d7c80000,0x00000000d7c80000,0x00000000d8180000)
 ParOldGen       total 87552K, used 0K [0x0000000081400000, 0x0000000086980000, 0x00000000d5c00000)
  object space 87552K, 0% used [0x0000000081400000,0x0000000081400000,0x0000000086980000)
 Metaspace       used 777K, capacity 4480K, committed 4480K, reserved 1056768K
  class space    used 74K, capacity 384K, committed 384K, reserved 1048576K

Card table byte_map: [0x0000000012090000,0x0000000012490000] byte_map_base: 0x0000000011c86000

Marking Bits: (ParMarkBitMap*) 0x0000000066c1be50
 Begin Bits: [0x0000000012b40000, 0x0000000014af0000)
 End Bits:   [0x0000000014af0000, 0x0000000016aa0000)

Polling page: 0x0000000002a70000

CodeCache: size=245760Kb used=328Kb max_used=328Kb free=245431Kb
 bounds [0x0000000002cd0000, 0x0000000002f40000, 0x0000000011cd0000]
 total_blobs=57 nmethods=0 adapters=38
 compilation: enabled

Compilation events (0 events):
No events

GC Heap History (0 events):
No events

Deoptimization events (0 events):
No events

Classes redefined (0 events):
No events

Internal exceptions (0 events):
No events

Events (10 events):
Event: 0.032 loading class java/lang/Short
Event: 0.032 loading class java/lang/Short done
Event: 0.032 loading class java/lang/Integer
Event: 0.032 loading class java/lang/Integer done
Event: 0.032 loading class java/lang/Long
Event: 0.032 loading class java/lang/Long done
Event: 0.033 loading class java/lang/NullPointerException
Event: 0.033 loading class java/lang/NullPointerException done
Event: 0.033 loading class java/lang/ArithmeticException
Event: 0.034 loading class java/lang/ArithmeticException done


Dynamic libraries:
0x00007ff6af310000 - 0x00007ff6af345000 	C:\Program Files\Unity\Hub\Editor\2019.2.13f1\Editor\Data\PlaybackEngines\AndroidPlayer\Tools\OpenJDK\Windows\bin\java.exe
0x00007ffda4160000 - 0x00007ffda4350000 	C:\WINDOWS\SYSTEM32\ntdll.dll
0x00007ffda3d10000 - 0x00007ffda3dc2000 	C:\WINDOWS\System32\KERNEL32.DLL
0x00007ffda1ce0000 - 0x00007ffda1f83000 	C:\WINDOWS\System32\KERNELBASE.dll
0x00007ffda4070000 - 0x00007ffda4113000 	C:\WINDOWS\System32\ADVAPI32.dll
0x00007ffda23f0000 - 0x00007ffda248e000 	C:\WINDOWS\System32\msvcrt.dll
0x00007ffda2210000 - 0x00007ffda22a7000 	C:\WINDOWS\System32\sechost.dll
0x00007ffda3e80000 - 0x00007ffda3fa0000 	C:\WINDOWS\System32\RPCRT4.dll
0x00007ffda2de0000 - 0x00007ffda2f74000 	C:\WINDOWS\System32\USER32.dll
0x00007ffda21e0000 - 0x00007ffda2201000 	C:\WINDOWS\System32\win32u.dll
0x00007ffda3200000 - 0x00007ffda3226000 	C:\WINDOWS\System32\GDI32.dll
0x00007ffda12c0000 - 0x00007ffda1454000 	C:\WINDOWS\System32\gdi32full.dll
0x00007ffda1170000 - 0x00007ffda120e000 	C:\WINDOWS\System32\msvcp_win.dll
0x00007ffda1be0000 - 0x00007ffda1cda000 	C:\WINDOWS\System32\ucrtbase.dll
0x00007ffd90160000 - 0x00007ffd903e5000 	C:\WINDOWS\WinSxS\amd64_microsoft.windows.common-controls_6595b64144ccf1df_6.0.18362.476_none_e6c4b11b130f2595\COMCTL32.dll
0x00007ffda2910000 - 0x00007ffda2c46000 	C:\WINDOWS\System32\combase.dll
0x00007ffda10f0000 - 0x00007ffda1170000 	C:\WINDOWS\System32\bcryptPrimitives.dll
0x00007ffda2c50000 - 0x00007ffda2c7e000 	C:\WINDOWS\System32\IMM32.DLL
0x0000000066ca0000 - 0x0000000066d72000 	C:\Program Files\Unity\Hub\Editor\2019.2.13f1\Editor\Data\PlaybackEngines\AndroidPlayer\Tools\OpenJDK\Windows\jre\bin\msvcr100.dll
0x0000000066450000 - 0x0000000066c99000 	C:\Program Files\Unity\Hub\Editor\2019.2.13f1\Editor\Data\PlaybackEngines\AndroidPlayer\Tools\OpenJDK\Windows\jre\bin\server\jvm.dll
0x00007ffda3370000 - 0x00007ffda3378000 	C:\WINDOWS\System32\PSAPI.DLL
0x00007ffd9cdc0000 - 0x00007ffd9cde4000 	C:\WINDOWS\SYSTEM32\WINMM.dll
0x00007ffd9fb10000 - 0x00007ffd9fb19000 	C:\WINDOWS\SYSTEM32\WSOCK32.dll
0x00007ffd997c0000 - 0x00007ffd997ca000 	C:\WINDOWS\SYSTEM32\VERSION.dll
0x00007ffda3180000 - 0x00007ffda31ef000 	C:\WINDOWS\System32\WS2_32.dll
0x00007ffd9ccb0000 - 0x00007ffd9ccdd000 	C:\WINDOWS\SYSTEM32\WINMMBASE.dll
0x00007ffda2110000 - 0x00007ffda215a000 	C:\WINDOWS\System32\cfgmgr32.dll
0x00007ffd9e600000 - 0x00007ffd9e60f000 	C:\Program Files\Unity\Hub\Editor\2019.2.13f1\Editor\Data\PlaybackEngines\AndroidPlayer\Tools\OpenJDK\Windows\jre\bin\verify.dll
0x00007ffd7e0c0000 - 0x00007ffd7e0e9000 	C:\Program Files\Unity\Hub\Editor\2019.2.13f1\Editor\Data\PlaybackEngines\AndroidPlayer\Tools\OpenJDK\Windows\jre\bin\java.dll
0x00007ffd8be30000 - 0x00007ffd8be46000 	C:\Program Files\Unity\Hub\Editor\2019.2.13f1\Editor\Data\PlaybackEngines\AndroidPlayer\Tools\OpenJDK\Windows\jre\bin\zip.dll

VM Arguments:
jvm_args: -Dcom.android.sdklib.toolsdir=C:\Users\USER\AppData\Local\Android\Sdk\tools\bin\\.. 
java_command: com.android.sdklib.tool.sdkmanager.SdkManagerCli --list
java_class_path (initial): C:\Users\USER\AppData\Local\Android\Sdk\tools\bin\..\lib\dvlib-26.0.0-dev.jar;C:\Users\USER\AppData\Local\Android\Sdk\tools\bin\..\lib\jimfs-1.1.jar;C:\Users\USER\AppData\Local\Android\Sdk\tools\bin\..\lib\jsr305-1.3.9.jar;C:\Users\USER\AppData\Local\Android\Sdk\tools\bin\..\lib\repository-26.0.0-dev.jar;C:\Users\USER\AppData\Local\Android\Sdk\tools\bin\..\lib\j2objc-annotations-1.1.jar;C:\Users\USER\AppData\Local\Android\Sdk\tools\bin\..\lib\layoutlib-api-26.0.0-dev.jar;C:\Users\USER\AppData\Local\Android\Sdk\tools\bin\..\lib\gson-2.3.jar;C:\Users\USER\AppData\Local\Android\Sdk\tools\bin\..\lib\httpcore-4.2.5.jar;C:\Users\USER\AppData\Local\Android\Sdk\tools\bin\..\lib\commons-logging-1.1.1.jar;C:\Users\USER\AppData\Local\Android\Sdk\tools\bin\..\lib\commons-compress-1.12.jar;C:\Users\USER\AppData\Local\Android\Sdk\tools\bin\..\lib\annotations-26.0.0-dev.jar;C:\Users\USER\AppData\Local\Android\Sdk\tools\bin\..\lib\error_prone_annotations-2.0.18.jar;C:\Users\USER\AppData\Local\Android\Sdk\tools\bin\..\lib\animal-sniffer-annotations-1.14.jar;C:\Users\USER\AppData\Local\Android\Sdk\tools\bin\..\lib\httpclient-4.2.6.jar;C:\Users\USER\AppData\Local\Android\Sdk\tools\bin\..\lib\commons-codec-1.6.jar;C:\Users\USER\AppData\Local\Android\Sdk\tools\bin\..\lib\common-26.0.0-dev.jar;C:\Users\USER\AppData\Local\Android\Sdk\tools\bin\..\lib\kxml2-2.3.0.jar;C:\Users\USER\AppData\Local\Android\Sdk\tools\bin\..\lib\httpmime-4.1.jar;C:\Users\USER\AppData\Local\Android\Sdk\tools\bin\..\lib\annotations-12.0.jar;C:\Users\USER\AppData\Local\Android\Sdk\tools\bin\..\lib\sdklib-26.0.0-dev.jar;C:\Users\USER\AppData\Local\Android\Sdk\tools\bin\..\lib\guava-22.0.jar
Launcher Type: SUN_STANDARD

Environment Variables:
JAVA_HOME=C:/Program Files/Unity/Hub/Editor/2019.2.13f1/Editor/Data/PlaybackEngines/AndroidPlayer/Tools\OpenJDK\Windows
CLASSPATH=C:\Users\USER\AppData\Local\Android\Sdk\tools\bin\..\lib\dvlib-26.0.0-dev.jar;C:\Users\USER\AppData\Local\Android\Sdk\tools\bin\..\lib\jimfs-1.1.jar;C:\Users\USER\AppData\Local\Android\Sdk\tools\bin\..\lib\jsr305-1.3.9.jar;C:\Users\USER\AppData\Local\Android\Sdk\tools\bin\..\lib\repository-26.0.0-dev.jar;C:\Users\USER\AppData\Local\Android\Sdk\tools\bin\..\lib\j2objc-annotations-1.1.jar;C:\Users\USER\AppData\Local\Android\Sdk\tools\bin\..\lib\layoutlib-api-26.0.0-dev.jar;C:\Users\USER\AppData\Local\Android\Sdk\tools\bin\..\lib\gson-2.3.jar;C:\Users\USER\AppData\Local\Android\Sdk\tools\bin\..\lib\httpcore-4.2.5.jar;C:\Users\USER\AppData\Local\Android\Sdk\tools\bin\..\lib\commons-logging-1.1.1.jar;C:\Users\USER\AppData\Local\Android\Sdk\tools\bin\..\lib\commons-compress-1.12.jar;C:\Users\USER\AppData\Local\Android\Sdk\tools\bin\..\lib\annotations-26.0.0-dev.jar;C:\Users\USER\AppData\Local\Android\Sdk\tools\bin\..\lib\error_prone_annotations-2.0.18.jar;C:\Users\USER\AppData\Local\Android\Sdk\tools\bin\..\lib\animal-sniffer-annotations-1.14.jar;C:\Users\USER\AppData\Local\Android\Sdk\tools\bin\..\lib\httpclient-4.2.6.jar;C:\Users\USER\AppData\Local\Android\Sdk\tools\bin\..\lib\commons-codec-1.6.jar;C:\Users\USER\AppData\Local\Android\Sdk\tools\bin\..\lib\common-26.0.0-dev.jar;C:\Users\USER\AppData\Local\Android\Sdk\tools\bin\..\lib\kxml2-2.3.0.jar;C:\Users\USER\AppData\Local\Android\Sdk\tools\bin\..\lib\httpmime-4.1.jar;C:\Users\USER\AppData\Local\Android\Sdk\tools\bin\..\lib\annotations-12.0.jar;C:\Users\USER\AppData\Local\Android\Sdk\tools\bin\..\lib\sdklib-26.0.0-dev.jar;C:\Users\USER\AppData\Local\Android\Sdk\tools\bin\..\lib\guava-22.0.jar
PATH=C:\Program Files\Java\jdk1.8.0_201\bin;C:\Program Files (x86)\NAT Service;C:\Program Files (x86)\Common Files\Oracle\Java\javapath;C:\Program Files (x86)\Intel\iCLS Client\;C:\Program Files\Intel\iCLS Client\;C:\WINDOWS\system32;C:\WINDOWS;C:\WINDOWS\System32\Wbem;C:\WINDOWS\System32\WindowsPowerShell\v1.0\;C:\Program Files\dotnet\;C:\Program Files (x86)\Intel\Intel(R) Management Engine Components\DAL;C:\Program Files\Intel\Intel(R) Management Engine Components\DAL;C:\Program Files (x86)\Intel\Intel(R) Management Engine Components\IPT;C:\Program Files\Intel\Intel(R) Management Engine Components\IPT;C:\WINDOWS\System32\OpenSSH\;C:\Program Files\Intel\WiFi\bin\;C:\Program Files\Common Files\Intel\WirelessCommon\;C:\Users\USER\Desktop\수업 자료\node js\;C:\;rogram Files\Common Files\Autodesk Shared\;C:\Program Files\Microsoft SQL Server\120\Tools\Binn\;C:\sqlite3;C:\Program Files\MongoDB\Server\4.0\bin;C:\Users\USER\Desktop\class\node js;C:\Program Files\Git\cmd;C:\Program Files\MySQL\MySQL Shell 8.0\bin\;C:\Users\USER\AppData\Local\Programs\Microsoft VS Code\bin;C:\Users\USER\AppData\Local\GitHubDesktop\bin;C:\Program Files\Bandizip\
USERNAME=USER
OS=Windows_NT
PROCESSOR_IDENTIFIER=Intel64 Family 6 Model 78 Stepping 3, GenuineIntel



---------------  S Y S T E M  ---------------

OS: Windows 10.0 , 64 bit Build 18362 (10.0.18362.329)

CPU:total 4 (initial active 4) (2 cores per cpu, 2 threads per core) family 6 model 78 stepping 3, cmov, cx8, fxsr, mmx, sse, sse2, sse3, ssse3, sse4.1, sse4.2, popcnt, avx, avx2, aes, clmul, erms, 3dnowpref, lzcnt, ht, tsc, tscinvbit, bmi1, bmi2, adx

Memory: 4k page, physical 8304472k(712640k free), swap 16693080k(5784k free)

vm_info: OpenJDK 64-Bit Server VM (25.71-b00) for windows-amd64 JRE (1.8.0-adoptopenjdk-_2018_05_19_00_59-b00), built on May 19 2018 01:02:12 by "jenkins" with MS VC++ 10.0 (VS2010)

time: Wed Nov 27 04:20:34 2019
elapsed time: 0 seconds (0d 0h 0m 0s)

